<?xml version="1.0" encoding="UTF-8"?>
<testsuite xmlns:xsi="http://www.w3.org/2001/XMLSchema-instance" xsi:noNamespaceSchemaLocation="https://maven.apache.org/surefire/maven-surefire-plugin/xsd/surefire-test-report-3.0.xsd" version="3.0" name="com.authcore.authcore.integration.AdminAuthorizationIntegrationTest" time="75.212" tests="2" errors="0" skipped="0" failures="0">
  <properties>
[...]
</properties>
  <testcase name="normalUserCannotAccessAdminEndpoints" classname="com.authcore.authcore.integration.AdminAuthorizationIntegrationTest" time="14.58">
    <system-out><![CDATA[12:56:02.001 [main] INFO org.springframework.test.context.support.AnnotationConfigContextLoaderUtils -- Could not detect default configuration classes for test class [com.authcore.authcore.integration.AdminAuthorizationIntegrationTest]: AdminAuthorizationIntegrationTest does not declare any static, non-private, non-final, nested classes annotated with @Configuration.
12:56:03.654 [main] INFO org.springframework.boot.test.context.SpringBootTestContextBootstrapper -- Found @SpringBootConfiguration com.authcore.authcore.AuthcoreApplication for test class com.authcore.authcore.integration.AdminAuthorizationIntegrationTest

  .   ____          _            __ _ _
 /\\ / ___'_ __ _ _(_)_ __  __ _ \ \ \ \
( ( )\___ | '_ | '_| | '_ \/ _` | \ \ \ \
 \\/  ___)| |_)| | | | | || (_| |  ) ) ) )
  '  |____| .__|_| |_|_| |_\__, | / / / /
 =========|_|==============|___/=/_/_/_/

 :: Spring Boot ::                (v3.3.2)

2026-07-14T12:56:06.508+03:00  INFO 8444 --- [           main] .a.a.i.AdminAuthorizationIntegrationTest : Starting AdminAuthorizationIntegrationTest using Java 25.0.2 with PID 8444 (started by User in C:\Users\User\Desktop\Eclectics\AUTHCORE\backend)
2026-07-14T12:56:06.524+03:00  INFO 8444 --- [           main] .a.a.i.AdminAuthorizationIntegrationTest : No active profile set, falling back to 1 default profile: "default"
2026-07-14T12:56:12.836+03:00  INFO 8444 --- [           main] .s.d.r.c.RepositoryConfigurationDelegate : Bootstrapping Spring Data JPA repositories in DEFAULT mode.
2026-07-14T12:56:13.087+03:00  INFO 8444 --- [           main] .s.d.r.c.RepositoryConfigurationDelegate : Finished Spring Data repository scanning in 233 ms. Found 7 JPA repository interfaces.
2026-07-14T12:56:19.746+03:00  INFO 8444 --- [           main] o.s.b.w.embedded.tomcat.TomcatWebServer  : Tomcat initialized with port 0 (http)
2026-07-14T12:56:19.813+03:00  INFO 8444 --- [           main] o.apache.catalina.core.StandardService   : Starting service [Tomcat]
2026-07-14T12:56:19.825+03:00  INFO 8444 --- [           main] o.apache.catalina.core.StandardEngine    : Starting Servlet engine: [Apache Tomcat/10.1.26]
2026-07-14T12:56:21.672+03:00  INFO 8444 --- [           main] o.a.c.c.C.[Tomcat].[localhost].[/]       : Initializing Spring embedded WebApplicationContext
2026-07-14T12:56:21.680+03:00  INFO 8444 --- [           main] w.s.c.ServletWebServerApplicationContext : Root WebApplicationContext: initialization completed in 15070 ms
2026-07-14T12:56:24.975+03:00  INFO 8444 --- [           main] o.hibernate.jpa.internal.util.LogHelper  : HHH000204: Processing PersistenceUnitInfo [name: default]
2026-07-14T12:56:25.192+03:00  INFO 8444 --- [           main] org.hibernate.Version                    : HHH000412: Hibernate ORM core version 6.5.2.Final
2026-07-14T12:56:25.296+03:00  INFO 8444 --- [           main] o.h.c.internal.RegionFactoryInitiator    : HHH000026: Second-level cache disabled
2026-07-14T12:56:30.069+03:00  INFO 8444 --- [           main] o.s.o.j.p.SpringPersistenceUnitInfo      : No LoadTimeWeaver setup: ignoring JPA class transformer
2026-07-14T12:56:30.150+03:00  INFO 8444 --- [           main] com.zaxxer.hikari.HikariDataSource       : HikariPool-1 - Starting...
2026-07-14T12:56:34.846+03:00  INFO 8444 --- [           main] com.zaxxer.hikari.pool.HikariPool        : HikariPool-1 - Added connection org.postgresql.jdbc.PgConnection@546083d6
2026-07-14T12:56:34.849+03:00  INFO 8444 --- [           main] com.zaxxer.hikari.HikariDataSource       : HikariPool-1 - Start completed.
2026-07-14T12:56:35.164+03:00  WARN 8444 --- [           main] org.hibernate.orm.deprecation            : HHH90000025: PostgreSQLDialect does not need to be specified explicitly using 'hibernate.dialect' (remove the property setting and it will be selected by default)
2026-07-14T12:56:41.496+03:00  INFO 8444 --- [           main] o.h.e.t.j.p.i.JtaPlatformInitiator       : HHH000489: No JTA platform available (set 'hibernate.transaction.jta.platform' to enable JTA platform integration)
2026-07-14T12:56:47.446+03:00  INFO 8444 --- [           main] j.LocalContainerEntityManagerFactoryBean : Initialized JPA EntityManagerFactory for persistence unit 'default'
2026-07-14T12:56:49.042+03:00  INFO 8444 --- [           main] o.s.d.j.r.query.QueryEnhancerFactory     : Hibernate is in classpath; If applicable, HQL parser will be used.
2026-07-14T12:56:52.575+03:00  WARN 8444 --- [           main] JpaBaseConfiguration$JpaWebConfiguration : spring.jpa.open-in-view is enabled by default. Therefore, database queries may be performed during view rendering. Explicitly configure spring.jpa.open-in-view to disable this warning
2026-07-14T12:56:52.687+03:00  INFO 8444 --- [           main] r$InitializeUserDetailsManagerConfigurer : Global AuthenticationManager configured with UserDetailsService bean with name customUserDetailsService
2026-07-14T12:56:55.658+03:00  INFO 8444 --- [           main] o.s.b.w.embedded.tomcat.TomcatWebServer  : Tomcat started on port 49221 (http) with context path '/'
2026-07-14T12:56:55.679+03:00  INFO 8444 --- [           main] .a.a.i.AdminAuthorizationIntegrationTest : Started AdminAuthorizationIntegrationTest in 51.321 seconds (process running for 57.704)
Hibernate: 
    select
        ue1_0.id,
        ue1_0.created_at,
        ue1_0.email,
        ue1_0.enabled,
        ue1_0.oauth_provider,
        ue1_0.oauth_provider_id,
        ue1_0.password_hash,
        ue1_0.role,
        ue1_0.username 
    from
        users ue1_0 
    where
        ue1_0.email=?
2026-07-14T12:57:02.324+03:00  INFO 8444 --- [o-auto-1-exec-1] o.a.c.c.C.[Tomcat].[localhost].[/]       : Initializing Spring DispatcherServlet 'dispatcherServlet'
2026-07-14T12:57:02.325+03:00  INFO 8444 --- [o-auto-1-exec-1] o.s.web.servlet.DispatcherServlet        : Initializing Servlet 'dispatcherServlet'
2026-07-14T12:57:02.327+03:00  INFO 8444 --- [o-auto-1-exec-1] o.s.web.servlet.DispatcherServlet        : Completed initialization in 2 ms
Hibernate: 
    select
        ue1_0.id 
    from
        users ue1_0 
    where
        ue1_0.email=? 
    fetch
        first ? rows only
Hibernate: 
    select
        ue1_0.id 
    from
        users ue1_0 
    where
        ue1_0.username=? 
    fetch
        first ? rows only
Hibernate: 
    insert 
    into
        users
        (created_at, email, enabled, oauth_provider, oauth_provider_id, password_hash, role, username) 
    values
        (?, ?, ?, ?, ?, ?, ?, ?) 
    returning id
Hibernate: 
    select
        ev1_0.id,
        ev1_0.created_at,
        ev1_0.expiry_date,
        ev1_0.token,
        ev1_0.user_id,
        ev1_0.verified 
    from
        email_verifications ev1_0 
    where
        ev1_0.user_id=?
Hibernate: 
    insert 
    into
        email_verifications
        (created_at, expiry_date, token, user_id, verified) 
    values
        (?, ?, ?, ?, ?) 
    returning id
Hibernate: 
    insert 
    into
        audit_logs
        (action, details, entity_id, entity_type, ip_address, timestamp, user_id) 
    values
        (?, ?, ?, ?, ?, ?, ?) 
    returning id
Hibernate: 
    select
        ue1_0.id,
        ue1_0.created_at,
        ue1_0.email,
        ue1_0.enabled,
        ue1_0.oauth_provider,
        ue1_0.oauth_provider_id,
        ue1_0.password_hash,
        ue1_0.role,
        ue1_0.username 
    from
        users ue1_0 
    where
        ue1_0.email=?
Hibernate: 
    select
        la1_0.id,
        la1_0.ip_address,
        la1_0.successful,
        la1_0.timestamp,
        la1_0.user_id 
    from
        login_attempts la1_0 
    where
        la1_0.user_id=? 
        and la1_0.successful=false 
        and la1_0.timestamp>?
Hibernate: 
    insert 
    into
        login_attempts
        (ip_address, successful, timestamp, user_id) 
    values
        (?, ?, ?, ?) 
    returning id
Hibernate: 
    select
        la1_0.id,
        la1_0.ip_address,
        la1_0.successful,
        la1_0.timestamp,
        la1_0.user_id 
    from
        login_attempts la1_0 
    where
        la1_0.user_id=?
Hibernate: 
    delete 
    from
        login_attempts 
    where
        id=?
Hibernate: 
    insert 
    into
        refresh_tokens
        (created_at, expiry_date, ip_address, token, user_id, user_agent) 
    values
        (?, ?, ?, ?, ?, ?) 
    returning id
Hibernate: 
    insert 
    into
        audit_logs
        (action, details, entity_id, entity_type, ip_address, timestamp, user_id) 
    values
        (?, ?, ?, ?, ?, ?, ?) 
    returning id
Hibernate: 
    select
        tb1_0.id,
        tb1_0.expiry,
        tb1_0.token 
    from
        token_blacklist tb1_0 
    where
        tb1_0.token=?
[JwtAuthFilter] username=bob_1784023021687@example.com valid=true blacklisted=false
Hibernate: 
    select
        ue1_0.id,
        ue1_0.created_at,
        ue1_0.email,
        ue1_0.enabled,
        ue1_0.oauth_provider,
        ue1_0.oauth_provider_id,
        ue1_0.password_hash,
        ue1_0.role,
        ue1_0.username 
    from
        users ue1_0 
    where
        ue1_0.email=?
Hibernate: 
    select
        tb1_0.id,
        tb1_0.expiry,
        tb1_0.token 
    from
        token_blacklist tb1_0 
    where
        tb1_0.token=?
[JwtAuthFilter] username=bob_1784023021687@example.com valid=true blacklisted=false
Hibernate: 
    select
        ue1_0.id,
        ue1_0.created_at,
        ue1_0.email,
        ue1_0.enabled,
        ue1_0.oauth_provider,
        ue1_0.oauth_provider_id,
        ue1_0.password_hash,
        ue1_0.role,
        ue1_0.username 
    from
        users ue1_0 
    where
        ue1_0.email=?
]]></system-out>
    <system-err><![CDATA[WARNING: A Java agent has been loaded dynamically (C:\Users\User\.m2\repository\net\bytebuddy\byte-buddy-agent\1.14.18\byte-buddy-agent-1.14.18.jar)
WARNING: If a serviceability tool is in use, please run with -XX:+EnableDynamicAgentLoading to hide this warning
WARNING: If a serviceability tool is not in use, please run with -Djdk.instrument.traceUsage for more information
WARNING: Dynamic loading of agents will be disallowed by default in a future release
Failed to send verification email: Authentication failed
]]></system-err>
  </testcase>
  <testcase name="adminCanAccessAdminEndpoints" classname="com.authcore.authcore.integration.AdminAuthorizationIntegrationTest" time="3.614">
    <system-out><![CDATA[Hibernate: 
    select
        ue1_0.id,
        ue1_0.created_at,
        ue1_0.email,
        ue1_0.enabled,
        ue1_0.oauth_provider,
        ue1_0.oauth_provider_id,
        ue1_0.password_hash,
        ue1_0.role,
        ue1_0.username 
    from
        users ue1_0 
    where
        ue1_0.email=?
Hibernate: 
    select
        la1_0.id,
        la1_0.ip_address,
        la1_0.successful,
        la1_0.timestamp,
        la1_0.user_id 
    from
        login_attempts la1_0 
    where
        la1_0.user_id=? 
        and la1_0.successful=false 
        and la1_0.timestamp>?
Hibernate: 
    insert 
    into
        login_attempts
        (ip_address, successful, timestamp, user_id) 
    values
        (?, ?, ?, ?) 
    returning id
Hibernate: 
    select
        la1_0.id,
        la1_0.ip_address,
        la1_0.successful,
        la1_0.timestamp,
        la1_0.user_id 
    from
        login_attempts la1_0 
    where
        la1_0.user_id=?
Hibernate: 
    delete 
    from
        login_attempts 
    where
        id=?
Hibernate: 
    insert 
    into
        refresh_tokens
        (created_at, expiry_date, ip_address, token, user_id, user_agent) 
    values
        (?, ?, ?, ?, ?, ?) 
    returning id
Hibernate: 
    insert 
    into
        audit_logs
        (action, details, entity_id, entity_type, ip_address, timestamp, user_id) 
    values
        (?, ?, ?, ?, ?, ?, ?) 
    returning id
Hibernate: 
    select
        tb1_0.id,
        tb1_0.expiry,
        tb1_0.token 
    from
        token_blacklist tb1_0 
    where
        tb1_0.token=?
[JwtAuthFilter] username=admin@example.com valid=true blacklisted=false
Hibernate: 
    select
        ue1_0.id,
        ue1_0.created_at,
        ue1_0.email,
        ue1_0.enabled,
        ue1_0.oauth_provider,
        ue1_0.oauth_provider_id,
        ue1_0.password_hash,
        ue1_0.role,
        ue1_0.username 
    from
        users ue1_0 
    where
        ue1_0.email=?
Hibernate: 
    select
        ue1_0.id,
        ue1_0.created_at,
        ue1_0.email,
        ue1_0.enabled,
        ue1_0.oauth_provider,
        ue1_0.oauth_provider_id,
        ue1_0.password_hash,
        ue1_0.role,
        ue1_0.username 
    from
        users ue1_0
Hibernate: 
    select
        tb1_0.id,
        tb1_0.expiry,
        tb1_0.token 
    from
        token_blacklist tb1_0 
    where
        tb1_0.token=?
[JwtAuthFilter] username=admin@example.com valid=true blacklisted=false
Hibernate: 
    select
        ue1_0.id,
        ue1_0.created_at,
        ue1_0.email,
        ue1_0.enabled,
        ue1_0.oauth_provider,
        ue1_0.oauth_provider_id,
        ue1_0.password_hash,
        ue1_0.role,
        ue1_0.username 
    from
        users ue1_0 
    where
        ue1_0.email=?
]]></system-out>
  </testcase>
</testsuite>