<?xml version="1.0" encoding="UTF-8"?>
<testsuite xmlns:xsi="http://www.w3.org/2001/XMLSchema-instance" xsi:noNamespaceSchemaLocation="https://maven.apache.org/surefire/maven-surefire-plugin/xsd/surefire-test-report-3.0.xsd" version="3.0" name="com.authcore.authcore.integration.AuthFlowIntegrationTest" time="20.547" tests="1" errors="0" skipped="0" failures="0">
  <properties>
[...]
</properties>
  <testcase name="fullAuthFlow" classname="com.authcore.authcore.integration.AuthFlowIntegrationTest" time="2.544">
    <system-out><![CDATA[11:53:56.192 [main] INFO org.springframework.test.context.support.AnnotationConfigContextLoaderUtils -- Could not detect default configuration classes for test class [com.authcore.authcore.integration.AuthFlowIntegrationTest]: AuthFlowIntegrationTest does not declare any static, non-private, non-final, nested classes annotated with @Configuration.
11:53:56.498 [main] INFO org.springframework.boot.test.context.SpringBootTestContextBootstrapper -- Found @SpringBootConfiguration com.authcore.authcore.AuthcoreApplication for test class com.authcore.authcore.integration.AuthFlowIntegrationTest

  .   ____          _            __ _ _
 /\\ / ___'_ __ _ _(_)_ __  __ _ \ \ \ \
( ( )\___ | '_ | '_| | '_ \/ _` | \ \ \ \
 \\/  ___)| |_)| | | | | || (_| |  ) ) ) )
  '  |____| .__|_| |_|_| |_\__, | / / / /
 =========|_|==============|___/=/_/_/_/

 :: Spring Boot ::                (v3.3.2)

2026-07-13T11:53:57.551+03:00  INFO 12120 --- [           main] c.a.a.i.AuthFlowIntegrationTest          : Starting AuthFlowIntegrationTest using Java 25.0.2 with PID 12120 (started by User in C:\Users\User\Desktop\Eclectics\AUTHCORE)
2026-07-13T11:53:57.553+03:00  INFO 12120 --- [           main] c.a.a.i.AuthFlowIntegrationTest          : No active profile set, falling back to 1 default profile: "default"
2026-07-13T11:54:00.298+03:00  INFO 12120 --- [           main] .s.d.r.c.RepositoryConfigurationDelegate : Bootstrapping Spring Data JPA repositories in DEFAULT mode.
2026-07-13T11:54:00.488+03:00  INFO 12120 --- [           main] .s.d.r.c.RepositoryConfigurationDelegate : Finished Spring Data repository scanning in 166 ms. Found 3 JPA repository interfaces.
2026-07-13T11:54:02.219+03:00  INFO 12120 --- [           main] o.s.b.w.embedded.tomcat.TomcatWebServer  : Tomcat initialized with port 0 (http)
2026-07-13T11:54:02.273+03:00  INFO 12120 --- [           main] o.apache.catalina.core.StandardService   : Starting service [Tomcat]
2026-07-13T11:54:02.274+03:00  INFO 12120 --- [           main] o.apache.catalina.core.StandardEngine    : Starting Servlet engine: [Apache Tomcat/10.1.26]
2026-07-13T11:54:02.566+03:00  INFO 12120 --- [           main] o.a.c.c.C.[Tomcat].[localhost].[/]       : Initializing Spring embedded WebApplicationContext
2026-07-13T11:54:02.571+03:00  INFO 12120 --- [           main] w.s.c.ServletWebServerApplicationContext : Root WebApplicationContext: initialization completed in 4966 ms
2026-07-13T11:54:03.153+03:00  INFO 12120 --- [           main] o.hibernate.jpa.internal.util.LogHelper  : HHH000204: Processing PersistenceUnitInfo [name: default]
2026-07-13T11:54:03.404+03:00  INFO 12120 --- [           main] org.hibernate.Version                    : HHH000412: Hibernate ORM core version 6.5.2.Final
2026-07-13T11:54:03.498+03:00  INFO 12120 --- [           main] o.h.c.internal.RegionFactoryInitiator    : HHH000026: Second-level cache disabled
2026-07-13T11:54:04.946+03:00  INFO 12120 --- [           main] o.s.o.j.p.SpringPersistenceUnitInfo      : No LoadTimeWeaver setup: ignoring JPA class transformer
2026-07-13T11:54:05.038+03:00  INFO 12120 --- [           main] com.zaxxer.hikari.HikariDataSource       : HikariPool-1 - Starting...
2026-07-13T11:54:05.443+03:00  INFO 12120 --- [           main] com.zaxxer.hikari.pool.HikariPool        : HikariPool-1 - Added connection conn0: url=jdbc:h2:mem:authcore user=SA
2026-07-13T11:54:05.447+03:00  INFO 12120 --- [           main] com.zaxxer.hikari.HikariDataSource       : HikariPool-1 - Start completed.
2026-07-13T11:54:07.819+03:00  INFO 12120 --- [           main] o.h.e.t.j.p.i.JtaPlatformInitiator       : HHH000489: No JTA platform available (set 'hibernate.transaction.jta.platform' to enable JTA platform integration)
Hibernate: 
    create table refresh_tokens (
        id bigint generated by default as identity,
        expiry_date timestamp(6) with time zone not null,
        token varchar(255) not null,
        user_id bigint,
        primary key (id)
    )
Hibernate: 
    create table token_blacklist (
        id bigint generated by default as identity,
        expiry timestamp(6) with time zone not null,
        token varchar(1024) not null,
        primary key (id)
    )
Hibernate: 
    create table users (
        id bigint generated by default as identity,
        created_at timestamp(6) with time zone not null,
        email varchar(255) not null,
        enabled boolean not null,
        password_hash varchar(255) not null,
        role varchar(255) not null,
        username varchar(255) not null,
        primary key (id)
    )
Hibernate: 
    alter table if exists refresh_tokens 
       drop constraint if exists UKghpmfn23vmxfu3spu3lfg4r2d
Hibernate: 
    alter table if exists refresh_tokens 
       add constraint UKghpmfn23vmxfu3spu3lfg4r2d unique (token)
Hibernate: 
    alter table if exists token_blacklist 
       drop constraint if exists UKbff28eugoihk2swcdiybdej20
Hibernate: 
    alter table if exists token_blacklist 
       add constraint UKbff28eugoihk2swcdiybdej20 unique (token)
Hibernate: 
    alter table if exists users 
       drop constraint if exists UK6dotkott2kjsp8vw4d0m25fb7
Hibernate: 
    alter table if exists users 
       add constraint UK6dotkott2kjsp8vw4d0m25fb7 unique (email)
Hibernate: 
    alter table if exists users 
       drop constraint if exists UKr43af9ap4edm43mmtq01oddj6
Hibernate: 
    alter table if exists users 
       add constraint UKr43af9ap4edm43mmtq01oddj6 unique (username)
Hibernate: 
    alter table if exists refresh_tokens 
       add constraint FK1lih5y2npsf8u5o3vhdb9y0os 
       foreign key (user_id) 
       references users
2026-07-13T11:54:07.942+03:00  INFO 12120 --- [           main] j.LocalContainerEntityManagerFactoryBean : Initialized JPA EntityManagerFactory for persistence unit 'default'
2026-07-13T11:54:09.583+03:00  WARN 12120 --- [           main] JpaBaseConfiguration$JpaWebConfiguration : spring.jpa.open-in-view is enabled by default. Therefore, database queries may be performed during view rendering. Explicitly configure spring.jpa.open-in-view to disable this warning
2026-07-13T11:54:11.601+03:00  INFO 12120 --- [           main] r$InitializeUserDetailsManagerConfigurer : Global AuthenticationManager configured with UserDetailsService bean with name customUserDetailsService
2026-07-13T11:54:13.791+03:00  INFO 12120 --- [           main] o.s.b.w.embedded.tomcat.TomcatWebServer  : Tomcat started on port 65300 (http) with context path '/'
2026-07-13T11:54:13.820+03:00  INFO 12120 --- [           main] c.a.a.i.AuthFlowIntegrationTest          : Started AuthFlowIntegrationTest in 17.026 seconds (process running for 19.115)
2026-07-13T11:54:15.086+03:00  INFO 12120 --- [o-auto-1-exec-1] o.a.c.c.C.[Tomcat].[localhost].[/]       : Initializing Spring DispatcherServlet 'dispatcherServlet'
2026-07-13T11:54:15.087+03:00  INFO 12120 --- [o-auto-1-exec-1] o.s.web.servlet.DispatcherServlet        : Initializing Servlet 'dispatcherServlet'
2026-07-13T11:54:15.088+03:00  INFO 12120 --- [o-auto-1-exec-1] o.s.web.servlet.DispatcherServlet        : Completed initialization in 1 ms
Hibernate: 
    select
        ue1_0.id 
    from
        users ue1_0 
    where
        ue1_0.email=? 
    fetch
        first ? rows only
Hibernate: 
    select
        ue1_0.id 
    from
        users ue1_0 
    where
        ue1_0.username=? 
    fetch
        first ? rows only
Hibernate: 
    insert 
    into
        users
        (created_at, email, enabled, password_hash, role, username, id) 
    values
        (?, ?, ?, ?, ?, ?, default)
Hibernate: 
    select
        ue1_0.id,
        ue1_0.created_at,
        ue1_0.email,
        ue1_0.enabled,
        ue1_0.password_hash,
        ue1_0.role,
        ue1_0.username 
    from
        users ue1_0 
    where
        ue1_0.email=?
Hibernate: 
    insert 
    into
        refresh_tokens
        (expiry_date, token, user_id, id) 
    values
        (?, ?, ?, default)
Hibernate: 
    select
        tb1_0.id,
        tb1_0.expiry,
        tb1_0.token 
    from
        token_blacklist tb1_0 
    where
        tb1_0.token=?
[JwtAuthFilter] username=alice@example.com valid=true blacklisted=false
Hibernate: 
    select
        ue1_0.id,
        ue1_0.created_at,
        ue1_0.email,
        ue1_0.enabled,
        ue1_0.password_hash,
        ue1_0.role,
        ue1_0.username 
    from
        users ue1_0 
    where
        ue1_0.email=?
protected status=200 OK body={"principal":"alice@example.com"}
Hibernate: 
    select
        rt1_0.id,
        rt1_0.expiry_date,
        rt1_0.token,
        rt1_0.user_id 
    from
        refresh_tokens rt1_0 
    where
        rt1_0.token=?
Hibernate: 
    select
        rt1_0.id,
        rt1_0.expiry_date,
        rt1_0.token,
        rt1_0.user_id 
    from
        refresh_tokens rt1_0 
    where
        rt1_0.token=?
Hibernate: 
    insert 
    into
        refresh_tokens
        (expiry_date, token, user_id, id) 
    values
        (?, ?, ?, default)
Hibernate: 
    delete 
    from
        refresh_tokens 
    where
        id=?
Hibernate: 
    select
        ue1_0.id,
        ue1_0.created_at,
        ue1_0.email,
        ue1_0.enabled,
        ue1_0.password_hash,
        ue1_0.role,
        ue1_0.username 
    from
        users ue1_0 
    where
        ue1_0.id=?
Hibernate: 
    insert 
    into
        token_blacklist
        (expiry, token, id) 
    values
        (?, ?, default)
Hibernate: 
    select
        tb1_0.id,
        tb1_0.expiry,
        tb1_0.token 
    from
        token_blacklist tb1_0 
    where
        tb1_0.token=?
[JwtAuthFilter] username=alice@example.com valid=true blacklisted=true
[JwtAuthFilter] Authentication not set for user alice@example.com (valid=true, blacklisted=true)
Hibernate: 
    select
        rt1_0.id,
        rt1_0.expiry_date,
        rt1_0.token,
        rt1_0.user_id 
    from
        refresh_tokens rt1_0 
    where
        rt1_0.token=?
Hibernate: 
    delete 
    from
        refresh_tokens 
    where
        id=?
Hibernate: 
    select
        rt1_0.id,
        rt1_0.expiry_date,
        rt1_0.token,
        rt1_0.user_id 
    from
        refresh_tokens rt1_0 
    where
        rt1_0.token=?
]]></system-out>
    <system-err><![CDATA[WARNING: A Java agent has been loaded dynamically (C:\Users\User\.m2\repository\net\bytebuddy\byte-buddy-agent\1.14.18\byte-buddy-agent-1.14.18.jar)
WARNING: If a serviceability tool is in use, please run with -XX:+EnableDynamicAgentLoading to hide this warning
WARNING: If a serviceability tool is not in use, please run with -Djdk.instrument.traceUsage for more information
WARNING: Dynamic loading of agents will be disallowed by default in a future release
]]></system-err>
  </testcase>
</testsuite>